0 info it worked if it ends with ok
1 verbose cli [ 'C:\\Program Files\\nodejs\\node.exe',
1 verbose cli   'C:\\Users\\marcus\\AppData\\Roaming\\npm\\node_modules\\npm\\bin\\npm-cli.js',
1 verbose cli   'run',
1 verbose cli   'start' ]
2 info using npm@3.10.8
3 info using node@v8.11.1
4 verbose run-script [ 'prestart', 'start', 'poststart' ]
5 info lifecycle Trillo@1.0.0~prestart: Trillo@1.0.0
6 silly lifecycle Trillo@1.0.0~prestart: no script for prestart, continuing
7 info lifecycle Trillo@1.0.0~start: Trillo@1.0.0
8 verbose lifecycle Trillo@1.0.0~start: unsafe-perm in lifecycle true
9 verbose lifecycle Trillo@1.0.0~start: PATH: C:\Users\marcus\AppData\Roaming\npm\node_modules\npm\bin\node-gyp-bin;C:\Users\marcus\Desktop\Web\Trillo\node_modules\.bin;C:\Program Files (x86)\Razer Chroma SDK\bin;C:\Program Files\Razer Chroma SDK\bin;C:\ProgramData\Oracle\Java\javapath;C:\WINDOWS\system32;C:\WINDOWS;C:\WINDOWS\System32\Wbem;C:\WINDOWS\System32\WindowsPowerShell\v1.0\;C:\Program Files (x86)\NVIDIA Corporation\PhysX\Common;C:\Program Files (x86)\Windows Live\Shared;C:\Program Files (x86)\GtkSharp\2.12\bin;C:\Program Files\Git\cmd;C:\WINDOWS\system32\config\systemprofile\AppData\Local\Microsoft\WindowsApps;C:\Program Files (x86)\PuTTY\;C:\Program Files (x86)\QuickTime\QTSystem\;C:\WINDOWS\system32;C:\WINDOWS;C:\WINDOWS\System32\Wbem;C:\WINDOWS\System32\WindowsPowerShell\v1.0\;C:\Program Files\nodejs\;C:\Program Files\dotnet\;C:\WINDOWS\System32\OpenSSH\;C:\Program Files (x86)\Yarn\bin\;E:\Microsoft VS Code\bin;C:\Users\marcus\Desktop\ffmpeg-20160617-403a53c-win64-static\bin;C:\Program Files (x86)\Razer Chroma SDK\bin;C:\Program Files\Razer Chroma SDK\bin;C:\ProgramData\Oracle\Java\javapath;C:\WINDOWS\system32;C:\WINDOWS;C:\WINDOWS\System32\Wbem;C:\WINDOWS\System32\WindowsPowerShell\v1.0\;C:\Program Files (x86)\NVIDIA Corporation\PhysX\Common;C:\Program Files (x86)\Skype\Phone\;C:\Program Files (x86)\Windows Live\Shared;C:\Program Files (x86)\GtkSharp\2.12\bin;C:\Program Files\Git\cmd;F:\ffmpeg-20160225-git-ad17b9d-win64-static\bin;C:\Progr;C:\Users\marcus\AppData\Local\Microsoft\WindowsApps;C:\Users\marcus\AppData\Local\atom\bin;C:\Users\marcus\AppData\Roaming\npm;C:\Users\marcus\AppData\Local\hyper\app-2.0.0\resources\bin;E:\Microsoft VS Code\bin;C:\Users\marcus\AppData\Local\Yarn\bin;%DASHLANE_DLL_DIR%
10 verbose lifecycle Trillo@1.0.0~start: CWD: C:\Users\marcus\Desktop\Web\Trillo
11 silly lifecycle Trillo@1.0.0~start: Args: [ '/d /s /c', 'npm-run-all --parallel devserver watch:sass' ]
12 silly lifecycle Trillo@1.0.0~start: Returned: code: 1  signal: null
13 info lifecycle Trillo@1.0.0~start: Failed to exec start script
14 verbose stack Error: Trillo@1.0.0 start: `npm-run-all --parallel devserver watch:sass`
14 verbose stack Exit status 1
14 verbose stack     at EventEmitter.<anonymous> (C:\Users\marcus\AppData\Roaming\npm\node_modules\npm\lib\utils\lifecycle.js:255:16)
14 verbose stack     at emitTwo (events.js:126:13)
14 verbose stack     at EventEmitter.emit (events.js:214:7)
14 verbose stack     at ChildProcess.<anonymous> (C:\Users\marcus\AppData\Roaming\npm\node_modules\npm\lib\utils\spawn.js:40:14)
14 verbose stack     at emitTwo (events.js:126:13)
14 verbose stack     at ChildProcess.emit (events.js:214:7)
14 verbose stack     at maybeClose (internal/child_process.js:925:16)
14 verbose stack     at Process.ChildProcess._handle.onexit (internal/child_process.js:209:5)
15 verbose pkgid Trillo@1.0.0
16 verbose cwd C:\Users\marcus\Desktop\Web\Trillo
17 error Windows_NT 10.0.17134
18 error argv "C:\\Program Files\\nodejs\\node.exe" "C:\\Users\\marcus\\AppData\\Roaming\\npm\\node_modules\\npm\\bin\\npm-cli.js" "run" "start"
19 error node v8.11.1
20 error npm  v3.10.8
21 error code ELIFECYCLE
22 error Trillo@1.0.0 start: `npm-run-all --parallel devserver watch:sass`
22 error Exit status 1
23 error Failed at the Trillo@1.0.0 start script 'npm-run-all --parallel devserver watch:sass'.
23 error Make sure you have the latest version of node.js and npm installed.
23 error If you do, this is most likely a problem with the Trillo package,
23 error not with npm itself.
23 error Tell the author that this fails on your system:
23 error     npm-run-all --parallel devserver watch:sass
23 error You can get information on how to open an issue for this project with:
23 error     npm bugs Trillo
23 error Or if that isn't available, you can get their info via:
23 error     npm owner ls Trillo
23 error There is likely additional logging output above.
24 verbose exit [ 1, true ]
